<?xml version="1.0" encoding="UTF-8" ?>
<testsuite tests="6" failures="0" name="eu.stamp_project.reneri.observations.ObservationTest" time="0.048" errors="0" skipped="0">
  <properties>
    <property name="java.runtime.name" value="OpenJDK Runtime Environment"/>
    <property name="java.vm.version" value="17.0.3+7"/>
    <property name="sun.boot.library.path" value="C:\Program Files\Eclipse Adoptium\jdk-17.0.3.7-hotspot\bin"/>
    <property name="maven.multiModuleProjectDirectory" value="C:\Users\vandeputs\vscode-projects\LASoT-Experiment\tarshes-descartes-reneri"/>
    <property name="java.vm.vendor" value="Eclipse Adoptium"/>
    <property name="java.vendor.url" value="https://adoptium.net/"/>
    <property name="guice.disable.misplaced.annotation.check" value="true"/>
    <property name="path.separator" value=";"/>
    <property name="java.vm.name" value="OpenJDK 64-Bit Server VM"/>
    <property name="sun.os.patch.level" value=""/>
    <property name="user.script" value=""/>
    <property name="user.country" value="BE"/>
    <property name="sun.java.launcher" value="SUN_STANDARD"/>
    <property name="java.vm.specification.name" value="Java Virtual Machine Specification"/>
    <property name="user.dir" value="C:\Users\vandeputs\vscode-projects\LASoT-Experiment\tarshes-descartes-reneri"/>
    <property name="java.vm.compressedOopsMode" value="Zero based"/>
    <property name="java.runtime.version" value="17.0.3+7"/>
    <property name="os.arch" value="amd64"/>
    <property name="java.io.tmpdir" value="C:\Users\VANDEP~1\AppData\Local\Temp\"/>
    <property name="line.separator" value="
"/>
    <property name="java.vm.specification.vendor" value="Oracle Corporation"/>
    <property name="user.variant" value=""/>
    <property name="os.name" value="Windows 10"/>
    <property name="classworlds.conf" value="C:\Users\vandeputs\.m2\wrapper\dists\apache-maven-3.6.0-bin\ce9a2734\apache-maven-3.6.0\bin\m2.conf"/>
    <property name="sun.jnu.encoding" value="Cp1252"/>
    <property name="java.library.path" value="C:\Program Files\Eclipse Adoptium\jdk-17.0.3.7-hotspot\bin;C:\WINDOWS\Sun\Java\bin;C:\WINDOWS\system32;C:\WINDOWS;C:\Program Files\Eclipse Adoptium\jdk-17.0.3.7-hotspot\bin;C:\Program Files\nodejs\;C:\windows\system32;C:\Program Files (x86)\Microsoft SQL Server\150\DTS\Binn\;C:\Program Files\Azure Data Studio\bin;C:\Program Files\Microsoft SQL Server\150\Tools\Binn\;C:\Program Files\Microsoft SQL Server\Client SDK\ODBC\170\Tools\Binn\;C:\Program Files\dotnet\;C:\Program Files\Git\cmd;C:\Users\vandeputs\AppData\Local\Microsoft\WindowsApps;C:\Users\vandeputs\AppData\Local\GitHubDesktop\bin;C:\Users\vandeputs\AppData\Local\Programs\Microsoft VS Code\bin;C:\Users\vandeputs\AppData\Roaming\npm;C:\Users\vandeputs\.dotnet\tools;C:\Program Files\Apache\apache-maven-3.6.0\bin;C:\Program Files\Git LFS;C:\Program Files\Eclipse Adoptium\jdk-11.0.15.10-hotspot\bin;;."/>
    <property name="maven.conf" value="C:\Users\vandeputs\.m2\wrapper\dists\apache-maven-3.6.0-bin\ce9a2734\apache-maven-3.6.0/conf"/>
    <property name="jdk.debug" value="release"/>
    <property name="java.class.version" value="61.0"/>
    <property name="java.specification.name" value="Java Platform API Specification"/>
    <property name="sun.management.compiler" value="HotSpot 64-Bit Tiered Compilers"/>
    <property name="os.version" value="10.0"/>
    <property name="user.home" value="C:\Users\vandeputs"/>
    <property name="user.timezone" value="Europe/Brussels"/>
    <property name="file.encoding" value="Cp1252"/>
    <property name="java.specification.version" value="17"/>
    <property name="user.name" value="vandeputs"/>
    <property name="java.class.path" value="C:\Users\vandeputs\vscode-projects\LASoT-Experiment\tarshes-descartes-reneri\.mvn\wrapper\maven-wrapper.jar"/>
    <property name="java.vm.specification.version" value="17"/>
    <property name="sun.arch.data.model" value="64"/>
    <property name="sun.java.command" value="org.apache.maven.wrapper.MavenWrapperMain clean install"/>
    <property name="java.home" value="C:\Program Files\Eclipse Adoptium\jdk-17.0.3.7-hotspot"/>
    <property name="user.language" value="fr"/>
    <property name="java.specification.vendor" value="Oracle Corporation"/>
    <property name="java.vm.info" value="mixed mode, sharing"/>
    <property name="java.version" value="17.0.3"/>
    <property name="native.encoding" value="Cp1252"/>
    <property name="java.vendor" value="Eclipse Adoptium"/>
    <property name="sun.stderr.encoding" value="cp437"/>
    <property name="maven.home" value="C:\Users\vandeputs\.m2\wrapper\dists\apache-maven-3.6.0-bin\ce9a2734\apache-maven-3.6.0"/>
    <property name="file.separator" value="\"/>
    <property name="java.version.date" value="2022-04-19"/>
    <property name="java.vendor.url.bug" value="https://github.com/adoptium/adoptium-support/issues"/>
    <property name="sun.io.unicode.encoding" value="UnicodeLittle"/>
    <property name="sun.cpu.endian" value="little"/>
    <property name="java.vendor.version" value="Temurin-17.0.3+7"/>
    <property name="sun.stdout.encoding" value="cp437"/>
    <property name="sun.cpu.isalist" value="amd64"/>
  </properties>
  <testcase classname="eu.stamp_project.reneri.observations.ObservationTest" name="testStackTraceObservation" time="0.033"/>
  <testcase classname="eu.stamp_project.reneri.observations.ObservationTest" name="testCreateNullValueObservation" time="0"/>
  <testcase classname="eu.stamp_project.reneri.observations.ObservationTest" name="testCreateAtomicValueObservation" time="0"/>
  <testcase classname="eu.stamp_project.reneri.observations.ObservationTest" name="testEqualStackTraces" time="0"/>
  <testcase classname="eu.stamp_project.reneri.observations.ObservationTest" name="testAtomicObservationWithNullValue" time="0"/>
  <testcase classname="eu.stamp_project.reneri.observations.ObservationTest" name="testCreateExceptionObservation" time="0.015"/>
</testsuite>